[INFO ] 2021-08-09 13:06:02.303 [main] BookingController - successfully found booking details by Booking Id
[INFO ] 2021-08-09 13:06:02.560 [main] BookingController - Entry found with given date:2021-08-08
[INFO ] 2021-08-09 13:06:02.603 [main] BookingController - successfully updated with booking id2000
[INFO ] 2021-08-09 13:06:02.645 [main] BookingController - successfully entered with booking id2000
[INFO ] 2021-08-09 13:06:02.672 [main] BookingController - Bookings Found
[INFO ] 2021-08-09 13:07:38.378 [main] BookingController - successfully deleted booking id2000
[INFO ] 2021-08-09 13:07:38.450 [main] BookingController - successfully found booking details by Booking Id
[INFO ] 2021-08-09 13:07:38.695 [main] BookingController - Entry found with given date:2021-08-08
[INFO ] 2021-08-09 13:07:38.734 [main] BookingController - successfully updated with booking id2000
[INFO ] 2021-08-09 13:07:38.820 [main] BookingController - successfully entered with booking id2000
[INFO ] 2021-08-09 13:07:38.890 [main] BookingController - Bookings Found
[INFO ] 2021-08-09 13:11:55.204 [main] BookingController - successfully deleted booking id2000
[INFO ] 2021-08-09 13:11:55.320 [main] BookingController - successfully found booking details by Booking Id
[INFO ] 2021-08-09 13:11:55.427 [main] BookingController - Entry found with given date:2021-08-08
[INFO ] 2021-08-09 13:11:55.489 [main] BookingController - successfully updated with booking id2000
[INFO ] 2021-08-09 13:11:55.507 [main] BookingController - successfully entered with booking id2000
[INFO ] 2021-08-09 13:11:55.529 [main] BookingController - Bookings Found
[INFO ] 2021-08-09 13:15:15.040 [main] BookingController - successfully deleted booking id2000
[INFO ] 2021-08-09 13:15:15.140 [main] BookingController - successfully found booking details by Booking Id
[INFO ] 2021-08-09 13:15:15.286 [main] BookingController - Entry found with given date:2021-08-08
[INFO ] 2021-08-09 13:15:15.343 [main] BookingController - successfully updated with booking id2000
[INFO ] 2021-08-09 13:15:15.360 [main] BookingController - successfully entered with booking id2000
[INFO ] 2021-08-09 13:15:15.383 [main] BookingController - Bookings Found
[INFO ] 2021-08-09 13:21:35.276 [main] BookingController - successfully deleted booking id2000
[INFO ] 2021-08-09 13:21:35.374 [main] BookingController - successfully found booking details by Booking Id
[INFO ] 2021-08-09 13:21:35.533 [main] BookingController - Entry found with given date:2021-08-08
[INFO ] 2021-08-09 13:21:35.586 [main] BookingController - successfully updated with booking id2000
[INFO ] 2021-08-09 13:21:35.618 [main] BookingController - successfully entered with booking id2000
[INFO ] 2021-08-09 13:21:35.645 [main] BookingController - Bookings Found
[INFO ] 2021-08-09 13:54:11.944 [main] BookingController - successfully deleted booking id2000
[INFO ] 2021-08-09 13:54:12.011 [main] BookingController - Found driver details with booking id:2000
[INFO ] 2021-08-09 13:54:12.048 [main] BookingController - successfully found booking details by Booking Id
[INFO ] 2021-08-09 13:54:12.145 [main] BookingController - Entry found with given date:2021-08-08
[INFO ] 2021-08-09 13:54:12.195 [main] BookingController - successfully updated with booking id2000
[INFO ] 2021-08-09 13:54:12.217 [main] BookingController - successfully entered with booking id2000
[INFO ] 2021-08-09 13:54:12.249 [main] BookingController - Bookings Found
[INFO ] 2021-08-09 14:08:52.878 [main] BookingController - successfully deleted booking id2000
[INFO ] 2021-08-09 14:08:52.950 [main] BookingController - Found driver details with booking id:2000
[INFO ] 2021-08-09 14:08:52.988 [main] BookingController - successfully found booking details by Booking Id
[INFO ] 2021-08-09 14:08:53.081 [main] BookingController - Entry found with given date:2021-08-08
[INFO ] 2021-08-09 14:08:53.140 [main] BookingController - successfully updated with booking id2000
[INFO ] 2021-08-09 14:08:53.174 [main] BookingController - successfully entered with booking id2000
[INFO ] 2021-08-09 14:08:53.203 [main] BookingController - Bookings Found
[INFO ] 2021-08-09 14:19:19.914 [main] BookingController - Bookings Found
[INFO ] 2021-08-09 14:20:05.636 [main] BookingController - Bookings Found
[INFO ] 2021-08-09 14:26:17.629 [main] BookingController - Bookings Found
[INFO ] 2021-08-09 14:26:17.719 [main] BookingController - successfully found booking details by Booking Id
[INFO ] 2021-08-09 14:27:01.313 [main] BookingController - Bookings Found
[INFO ] 2021-08-09 14:27:01.390 [main] BookingController - successfully found booking details by Booking Id
[INFO ] 2021-08-09 14:30:44.914 [main] BookingController - Bookings Found
[INFO ] 2021-08-09 14:30:45.152 [main] BookingController - successfully found booking details by Booking Id
[INFO ] 2021-08-09 14:31:39.480 [main] BookingController - Bookings Found
[INFO ] 2021-08-09 14:31:39.699 [main] BookingController - successfully found booking details by Booking Id
[INFO ] 2021-08-09 14:32:31.834 [main] BookingController - Bookings Found
[INFO ] 2021-08-09 14:32:32.105 [main] BookingController - Entry found with given date:2021-05-08
[INFO ] 2021-08-09 14:32:32.189 [main] BookingController - successfully found booking details by Booking Id
[INFO ] 2021-08-09 16:08:07.764 [main] BookingController - Bookings Found
[INFO ] 2021-08-09 16:08:08.189 [main] BookingController - Entry found with given date:2021-05-08
[INFO ] 2021-08-09 16:08:08.283 [main] BookingController - successfully found booking details by Booking Id
[INFO ] 2021-08-09 16:09:00.645 [main] BookingController - successfully deleted booking id2000
[INFO ] 2021-08-09 16:09:00.797 [main] BookingController - Found driver details with booking id:2000
[INFO ] 2021-08-09 16:09:01.008 [main] BookingController - successfully found booking details by Booking Id
[INFO ] 2021-08-09 16:09:01.263 [main] BookingController - Entry found with given date:2021-08-08
[INFO ] 2021-08-09 16:09:01.450 [main] BookingController - successfully updated with booking id2000
[INFO ] 2021-08-09 16:09:01.491 [main] BookingController - successfully entered with booking id2000
[INFO ] 2021-08-09 16:09:01.591 [main] BookingController - Bookings Found
[INFO ] 2021-08-09 16:36:57.082 [main] BookingController - successfully deleted booking id2000
[INFO ] 2021-08-09 16:36:57.160 [main] BookingController - Found driver details with booking id:2000
[INFO ] 2021-08-09 16:36:57.205 [main] BookingController - successfully found booking details by Booking Id
[INFO ] 2021-08-09 16:36:57.317 [main] BookingController - Entry found with given date:2021-08-08
[INFO ] 2021-08-09 16:36:57.407 [main] BookingController - successfully updated with booking id2000
[INFO ] 2021-08-09 16:36:57.447 [main] BookingController - successfully entered with booking id2000
[INFO ] 2021-08-09 16:36:57.466 [main] BookingController - Bookings Found
[INFO ] 2021-08-09 16:41:53.303 [main] BookingController - successfully deleted booking id2000
[INFO ] 2021-08-09 16:41:53.390 [main] BookingController - Found driver details with booking id:2000
[INFO ] 2021-08-09 16:41:53.462 [main] BookingController - successfully found booking details by Booking Id
[INFO ] 2021-08-09 16:41:53.632 [main] BookingController - Entry found with given date:2021-08-08
[INFO ] 2021-08-09 16:41:53.766 [main] BookingController - successfully updated with booking id2000
[INFO ] 2021-08-09 16:41:53.818 [main] BookingController - successfully entered with booking id2000
[INFO ] 2021-08-09 16:41:53.887 [main] BookingController - Bookings Found
[INFO ] 2021-08-09 16:52:57.295 [main] BookingController - successfully deleted booking id2000
[INFO ] 2021-08-09 16:52:57.520 [main] BookingController - Found driver details with booking id:2000
[INFO ] 2021-08-09 16:52:57.639 [main] BookingController - successfully found booking details by Booking Id
[INFO ] 2021-08-09 16:52:57.889 [main] BookingController - Entry found with given date:2021-08-08
[INFO ] 2021-08-09 16:52:57.998 [main] BookingController - successfully updated with booking id2000
[INFO ] 2021-08-09 16:52:58.064 [main] BookingController - successfully entered with booking id2000
[INFO ] 2021-08-09 16:52:58.171 [main] BookingController - Bookings Found
[INFO ] 2021-08-09 16:53:54.026 [main] BookingController - successfully deleted booking id2000
[INFO ] 2021-08-09 16:53:54.299 [main] BookingController - Found driver details with booking id:2000
[INFO ] 2021-08-09 16:53:54.443 [main] BookingController - successfully found booking details by Booking Id
[INFO ] 2021-08-09 16:53:54.779 [main] BookingController - Entry found with given date:2021-08-08
[INFO ] 2021-08-09 16:53:54.949 [main] BookingController - successfully updated with booking id2000
[INFO ] 2021-08-09 16:53:55.069 [main] BookingController - successfully entered with booking id2000
[INFO ] 2021-08-09 16:53:55.113 [main] BookingController - Bookings Found
[INFO ] 2021-08-09 16:56:00.274 [http-nio-8086-exec-8] BookingController - Found Customer who has booking
[ERROR] 2021-08-09 16:56:10.024 [http-nio-8086-exec-7] BookingController - no bookings found
[INFO ] 2021-08-09 16:56:35.021 [http-nio-8086-exec-9] BookingController - Found Customer who has booking
[INFO ] 2021-08-09 17:03:49.379 [main] BookingController - successfully deleted booking id2000
[INFO ] 2021-08-09 17:03:49.790 [main] BookingController - Found driver details with booking id:2000
[INFO ] 2021-08-09 17:03:49.979 [main] BookingController - successfully found booking details by Booking Id
[INFO ] 2021-08-09 17:03:50.374 [main] BookingController - Entry found with given date:2021-08-08
[INFO ] 2021-08-09 17:03:50.712 [main] BookingController - successfully updated with booking id2000
[INFO ] 2021-08-09 17:03:50.813 [main] BookingController - successfully entered with booking id2000
[INFO ] 2021-08-09 17:03:50.962 [main] BookingController - Bookings Found
[INFO ] 2021-08-09 17:04:42.238 [main] BookingController - successfully deleted booking id2000
[INFO ] 2021-08-09 17:04:42.576 [main] BookingController - successfully found booking details by Booking Id
[INFO ] 2021-08-09 17:04:42.808 [main] BookingController - Entry found with given date:2021-08-08
[INFO ] 2021-08-09 17:04:42.966 [main] BookingController - successfully updated with booking id2000
[INFO ] 2021-08-09 17:04:43.119 [main] BookingController - successfully entered with booking id2000
[INFO ] 2021-08-09 17:04:43.211 [main] BookingController - Bookings Found
[INFO ] 2021-08-09 17:08:09.321 [main] BookingController - successfully deleted booking id2000
[INFO ] 2021-08-09 17:08:09.439 [main] BookingController - Found driver details with booking id:2000
[INFO ] 2021-08-09 17:08:09.704 [main] BookingController - successfully found booking details by Booking Id
[INFO ] 2021-08-09 17:08:09.849 [main] BookingController - Entry found with given date:2021-08-08
[INFO ] 2021-08-09 17:08:09.950 [main] BookingController - successfully updated with booking id2000
[INFO ] 2021-08-09 17:08:10.068 [main] BookingController - successfully entered with booking id2000
[INFO ] 2021-08-09 17:08:10.187 [main] BookingController - Bookings Found
[INFO ] 2021-08-09 17:08:56.955 [main] BookingController - successfully deleted booking id2000
[INFO ] 2021-08-09 17:08:57.484 [main] BookingController - Found driver details with booking id:2000
[INFO ] 2021-08-09 17:08:57.590 [main] BookingController - successfully found booking details by Booking Id
[INFO ] 2021-08-09 17:08:57.689 [main] BookingController - Entry found with given date:2021-08-08
[INFO ] 2021-08-09 17:08:57.870 [main] BookingController - successfully updated with booking id2000
[INFO ] 2021-08-09 17:08:58.083 [main] BookingController - successfully entered with booking id2000
[INFO ] 2021-08-09 17:08:58.239 [main] BookingController - Bookings Found
[INFO ] 2021-08-09 17:17:22.166 [main] BookingController - successfully deleted booking id2000
[INFO ] 2021-08-09 17:17:22.223 [main] BookingController - Found driver details with booking id:2000
[INFO ] 2021-08-09 17:17:22.307 [main] BookingController - successfully found booking details by Booking Id
[INFO ] 2021-08-09 17:17:22.479 [main] BookingController - Found Customer who has booking
[INFO ] 2021-08-09 17:17:22.510 [main] BookingController - successfully updated with booking id2000
[INFO ] 2021-08-09 17:17:22.551 [main] BookingController - successfully entered with booking id2000
[INFO ] 2021-08-09 17:17:22.601 [main] BookingController - Bookings Found
[INFO ] 2021-08-09 17:18:13.693 [main] BookingController - successfully deleted booking id2000
[INFO ] 2021-08-09 17:18:13.882 [main] BookingController - Found driver details with booking id:2000
[INFO ] 2021-08-09 17:18:13.989 [main] BookingController - successfully found booking details by Booking Id
[INFO ] 2021-08-09 17:18:14.117 [main] BookingController - Found Vehicle
[INFO ] 2021-08-09 17:18:14.200 [main] BookingController - Found Customer who has booking
[INFO ] 2021-08-09 17:18:14.287 [main] BookingController - successfully updated with booking id2000
[INFO ] 2021-08-09 17:18:14.397 [main] BookingController - successfully entered with booking id2000
[INFO ] 2021-08-09 17:18:14.494 [main] BookingController - Bookings Found
[INFO ] 2021-08-09 17:47:37.811 [main] BookingController - successfully deleted booking id2000
[INFO ] 2021-08-09 17:47:37.904 [main] BookingController - Found driver details with booking id:2000
[INFO ] 2021-08-09 17:47:37.966 [main] BookingController - successfully found booking details by Booking Id
[INFO ] 2021-08-09 17:47:37.997 [main] BookingController - Found Vehicle
[INFO ] 2021-08-09 17:47:38.036 [main] BookingController - Entry found with given date:2021-08-08
[INFO ] 2021-08-09 17:47:38.083 [main] BookingController - Found Customer who has booking
[INFO ] 2021-08-09 17:47:38.120 [main] BookingController - successfully updated with booking id2000
[INFO ] 2021-08-09 17:47:38.150 [main] BookingController - successfully entered with booking id2000
[INFO ] 2021-08-09 17:47:38.181 [main] BookingController - Bookings Found
[INFO ] 2021-08-09 17:56:50.821 [main] BookingController - Bookings Found
[INFO ] 2021-08-09 17:56:51.273 [main] BookingController - Entry found with given date:2021-05-08
[INFO ] 2021-08-09 17:56:51.343 [main] BookingController - successfully entered with booking id2002
[INFO ] 2021-08-09 17:56:51.751 [main] BookingController - successfully found booking details by Booking Id
[INFO ] 2021-08-09 18:03:32.116 [main] BookingController - Bookings Found
[INFO ] 2021-08-09 18:03:32.531 [main] BookingController - Entry found with given date:2021-05-08
[INFO ] 2021-08-09 18:03:32.654 [main] BookingController - successfully found booking details by Booking Id
[INFO ] 2021-08-09 18:03:33.021 [main] BookingController - successfully deleted booking id2001
[INFO ] 2021-08-09 18:05:11.652 [main] BookingController - Bookings Found
[INFO ] 2021-08-09 18:06:18.912 [main] BookingController - Bookings Found
[INFO ] 2021-08-09 18:06:19.454 [main] BookingController - successfully deleted booking id2002
[ERROR] 2021-08-09 18:56:47.294 [main] BookingController - Error while getting booking records
[INFO ] 2021-08-09 18:56:47.730 [main] BookingController - Found Customer who has booking
[INFO ] 2021-08-09 18:56:47.770 [main] BookingController - successfully entered with booking id2002
[INFO ] 2021-08-09 18:56:48.401 [main] BookingController - successfully deleted booking id2002
[ERROR] 2021-08-09 19:00:40.950 [main] BookingController - Error while getting booking records
[INFO ] 2021-08-09 19:00:41.407 [main] BookingController - Found Customer who has booking
[INFO ] 2021-08-09 19:00:41.470 [main] BookingController - successfully entered with booking id2002
[INFO ] 2021-08-09 19:00:42.152 [main] BookingController - successfully deleted booking id2002
[INFO ] 2021-08-09 19:06:26.900 [main] BookingController - successfully entered with booking id2002
[INFO ] 2021-08-09 19:06:27.823 [main] BookingController - Bookings Found
[INFO ] 2021-08-09 19:06:28.330 [main] BookingController - Found Customer who has booking
[INFO ] 2021-08-09 19:06:28.675 [main] BookingController - successfully deleted booking id2002
[INFO ] 2021-08-09 19:09:10.576 [main] BookingController - successfully entered with booking id2002
[INFO ] 2021-08-09 19:09:11.010 [main] BookingController - Bookings Found
[INFO ] 2021-08-09 19:09:11.322 [main] BookingController - Found Customer who has booking
[INFO ] 2021-08-09 19:09:11.532 [main] BookingController - successfully deleted booking id2002
[INFO ] 2021-08-09 19:11:38.051 [main] BookingController - successfully entered with booking id2002
[INFO ] 2021-08-09 19:11:38.888 [main] BookingController - Bookings Found
[INFO ] 2021-08-09 19:11:38.941 [main] BookingController - successfully found booking details by Booking Id
[INFO ] 2021-08-09 19:11:39.226 [main] BookingController - Entry found with given date:2021-08-08
[INFO ] 2021-08-09 19:11:39.325 [main] BookingController - Found Customer who has booking
[INFO ] 2021-08-09 19:11:39.702 [main] BookingController - successfully deleted booking id2002
[INFO ] 2021-08-09 19:14:08.767 [main] BookingController - successfully entered with booking id2002
[INFO ] 2021-08-09 19:14:09.543 [main] BookingController - Bookings Found
[INFO ] 2021-08-09 19:14:09.580 [main] BookingController - successfully found booking details by Booking Id
[INFO ] 2021-08-09 19:14:09.751 [main] BookingController - Entry found with given date:2021-08-08
[INFO ] 2021-08-09 19:14:09.843 [main] BookingController - Found Customer who has booking
[INFO ] 2021-08-09 19:14:10.011 [main] BookingController - successfully deleted booking id2002
[INFO ] 2021-08-09 19:15:12.413 [main] BookingController - successfully entered with booking id2002
[INFO ] 2021-08-09 19:15:13.035 [main] BookingController - Bookings Found
[INFO ] 2021-08-09 19:15:13.075 [main] BookingController - successfully found booking details by Booking Id
[INFO ] 2021-08-09 19:15:13.295 [main] BookingController - Entry found with given date:2021-08-08
[INFO ] 2021-08-09 19:15:13.426 [main] BookingController - Found Customer who has booking
[INFO ] 2021-08-09 19:15:13.626 [main] BookingController - successfully deleted booking id2002
[INFO ] 2021-08-09 19:19:57.120 [main] BookingController - successfully entered with booking id2002
[INFO ] 2021-08-09 19:19:57.851 [main] BookingController - Bookings Found
[INFO ] 2021-08-09 19:19:57.915 [main] BookingController - successfully found booking details by Booking Id
[INFO ] 2021-08-09 19:19:58.158 [main] BookingController - Entry found with given date:2021-08-08
[INFO ] 2021-08-09 19:19:58.239 [main] BookingController - Found Customer who has booking
[INFO ] 2021-08-09 19:19:58.499 [main] BookingController - successfully deleted booking id2002
[INFO ] 2021-08-09 19:24:29.336 [main] BookingController - Bookings Found
[INFO ] 2021-08-09 19:24:29.454 [main] BookingController - successfully found booking details by Booking Id
[INFO ] 2021-08-09 19:24:29.717 [main] BookingController - Entry found with given date:2021-08-08
[INFO ] 2021-08-09 19:24:29.823 [main] BookingController - Found Vehicle
[INFO ] 2021-08-09 19:24:29.906 [main] BookingController - Found Customer who has booking
[INFO ] 2021-08-09 19:24:29.999 [main] BookingController - Found driver details with booking id:2002
[INFO ] 2021-08-09 19:24:30.386 [main] BookingController - successfully deleted booking id2002
[INFO ] 2021-08-09 19:43:18.521 [main] BookingController - successfully entered with booking id2002
[INFO ] 2021-08-09 19:43:19.206 [main] BookingController - Bookings Found
[INFO ] 2021-08-09 19:43:19.242 [main] BookingController - successfully found booking details by Booking Id
[INFO ] 2021-08-09 19:43:19.433 [main] BookingController - Entry found with given date:2021-08-08
[INFO ] 2021-08-09 19:43:19.505 [main] BookingController - Found Customer who has booking
[INFO ] 2021-08-09 19:43:19.764 [main] BookingController - successfully deleted booking id2002
[INFO ] 2021-08-09 19:43:27.753 [main] BookingController - successfully entered with booking id2002
[INFO ] 2021-08-09 19:43:28.549 [main] BookingController - Bookings Found
[INFO ] 2021-08-09 19:43:28.586 [main] BookingController - successfully found booking details by Booking Id
[INFO ] 2021-08-09 19:43:28.720 [main] BookingController - Entry found with given date:2021-08-08
[INFO ] 2021-08-09 19:43:28.822 [main] BookingController - Found Customer who has booking
[INFO ] 2021-08-09 19:43:28.978 [main] BookingController - successfully deleted booking id2002
[INFO ] 2021-08-09 19:46:12.791 [main] BookingController - successfully entered with booking id2002
[INFO ] 2021-08-09 19:46:13.087 [main] BookingController - Bookings Found
[INFO ] 2021-08-09 19:46:13.127 [main] BookingController - successfully found booking details by Booking Id
[INFO ] 2021-08-09 19:46:13.229 [main] BookingController - Entry found with given date:2021-08-08
[INFO ] 2021-08-09 19:46:13.291 [main] BookingController - Found Customer who has booking
[INFO ] 2021-08-09 19:46:13.467 [main] BookingController - successfully deleted booking id2002
[INFO ] 2021-08-09 19:47:43.140 [main] BookingController - successfully entered with booking id2002
[INFO ] 2021-08-09 19:47:43.659 [main] BookingController - Bookings Found
[INFO ] 2021-08-09 19:47:43.688 [main] BookingController - successfully found booking details by Booking Id
[INFO ] 2021-08-09 19:47:43.849 [main] BookingController - Entry found with given date:2021-08-08
[INFO ] 2021-08-09 19:47:43.933 [main] BookingController - Found Customer who has booking
[INFO ] 2021-08-09 19:49:20.029 [main] BookingController - Bookings Found
[INFO ] 2021-08-09 19:49:20.062 [main] BookingController - successfully found booking details by Booking Id
[INFO ] 2021-08-09 19:49:20.245 [main] BookingController - Found Customer who has booking
[INFO ] 2021-08-09 19:53:18.842 [main] BookingController - Bookings Found
[INFO ] 2021-08-09 19:53:18.869 [main] BookingController - successfully found booking details by Booking Id
[INFO ] 2021-08-09 19:53:19.017 [main] BookingController - Found Customer who has booking
[INFO ] 2021-08-09 19:54:38.488 [main] BookingController - successfully entered with booking id2002
[INFO ] 2021-08-09 19:54:38.886 [main] BookingController - Bookings Found
[INFO ] 2021-08-09 19:54:38.913 [main] BookingController - successfully found booking details by Booking Id
[INFO ] 2021-08-09 19:54:39.009 [main] BookingController - Entry found with given date:2021-08-08
[INFO ] 2021-08-09 19:54:39.079 [main] BookingController - Found Customer who has booking
[INFO ] 2021-08-09 19:54:39.209 [main] BookingController - successfully deleted booking id2002
[INFO ] 2021-08-09 19:56:51.868 [main] BookingController - successfully entered with booking id2002
[INFO ] 2021-08-09 19:56:52.272 [main] BookingController - Bookings Found
[INFO ] 2021-08-09 19:56:52.297 [main] BookingController - successfully found booking details by Booking Id
[INFO ] 2021-08-09 19:56:52.416 [main] BookingController - Entry found with given date:2021-08-08
[INFO ] 2021-08-09 19:56:52.472 [main] BookingController - Found Customer who has booking
[INFO ] 2021-08-09 19:56:52.617 [main] BookingController - successfully deleted booking id2002
[INFO ] 2021-08-09 21:34:05.694 [main] BookingController - successfully entered with booking id2002
[INFO ] 2021-08-09 21:34:06.059 [main] BookingController - Bookings Found
[INFO ] 2021-08-09 21:34:06.087 [main] BookingController - successfully found booking details by Booking Id
[INFO ] 2021-08-09 21:34:06.186 [main] BookingController - Entry found with given date:2021-08-08
[INFO ] 2021-08-09 21:34:06.256 [main] BookingController - Found Customer who has booking
[INFO ] 2021-08-09 21:39:28.213 [main] BookingController - Bookings Found
[INFO ] 2021-08-09 21:39:28.287 [main] BookingController - successfully found booking details by Booking Id
[INFO ] 2021-08-09 21:39:28.388 [main] BookingController - Entry found with given date:2021-08-08
[INFO ] 2021-08-09 21:39:28.429 [main] BookingController - Found Vehicle
[INFO ] 2021-08-09 21:39:28.452 [main] BookingController - Found Customer who has booking
[INFO ] 2021-08-09 21:39:28.720 [main] BookingController - successfully deleted booking id2002
[INFO ] 2021-08-09 21:40:59.112 [main] BookingController - Bookings Found
[INFO ] 2021-08-09 21:40:59.160 [main] BookingController - successfully found booking details by Booking Id
[INFO ] 2021-08-09 21:40:59.277 [main] BookingController - Entry found with given date:2021-08-08
[INFO ] 2021-08-09 21:40:59.312 [main] BookingController - Found Vehicle
[INFO ] 2021-08-09 21:40:59.347 [main] BookingController - Found Customer who has booking
[INFO ] 2021-08-09 21:40:59.627 [main] BookingController - successfully deleted booking id2002
[ERROR] 2021-08-09 21:42:28.957 [main] BookingController - Error while getting booking records
[INFO ] 2021-08-09 21:42:29.162 [main] BookingController - Found Customer who has booking
[ERROR] 2021-08-09 21:43:19.266 [main] BookingController - Error while getting booking records
[INFO ] 2021-08-09 21:43:19.467 [main] BookingController - Found Customer who has booking
[INFO ] 2021-08-09 21:45:26.295 [main] BookingController - Bookings Found
[INFO ] 2021-08-09 21:45:26.353 [main] BookingController - successfully found booking details by Booking Id
[INFO ] 2021-08-09 21:45:26.444 [main] BookingController - Entry found with given date:2021-08-08
[INFO ] 2021-08-09 21:45:26.502 [main] BookingController - Found Vehicle
[INFO ] 2021-08-09 21:45:26.549 [main] BookingController - Found Customer who has booking
[INFO ] 2021-08-09 21:45:26.613 [main] BookingController - Found driver details with booking id:2002
[INFO ] 2021-08-09 21:45:26.937 [main] BookingController - successfully deleted booking id2002
[INFO ] 2021-08-09 21:46:27.026 [main] BookingController - Bookings Found
[INFO ] 2021-08-09 21:46:27.079 [main] BookingController - successfully found booking details by Booking Id
[INFO ] 2021-08-09 21:46:27.174 [main] BookingController - Entry found with given date:2021-08-08
[INFO ] 2021-08-09 21:46:27.212 [main] BookingController - Found Vehicle
[INFO ] 2021-08-09 21:46:27.236 [main] BookingController - Found Customer who has booking
[INFO ] 2021-08-09 21:46:27.445 [main] BookingController - successfully deleted booking id2002
[INFO ] 2021-08-09 21:47:27.761 [main] BookingController - Bookings Found
[INFO ] 2021-08-09 21:47:27.811 [main] BookingController - successfully found booking details by Booking Id
[INFO ] 2021-08-09 21:47:27.909 [main] BookingController - Entry found with given date:2021-08-08
[INFO ] 2021-08-09 21:47:27.957 [main] BookingController - Found Vehicle
[INFO ] 2021-08-09 21:47:28.031 [main] BookingController - Found Customer who has booking
[INFO ] 2021-08-09 21:47:28.087 [main] BookingController - Found driver details with booking id:2002
[INFO ] 2021-08-09 21:47:28.413 [main] BookingController - successfully deleted booking id2002
[INFO ] 2021-08-09 21:50:33.124 [main] BookingController - successfully deleted booking id2000
[INFO ] 2021-08-09 21:50:33.177 [main] BookingController - Found driver details with booking id:2000
[INFO ] 2021-08-09 21:50:33.194 [main] BookingController - successfully found booking details by Booking Id
[INFO ] 2021-08-09 21:50:33.211 [main] BookingController - Found Vehicle
[INFO ] 2021-08-09 21:50:33.266 [main] BookingController - Entry found with given date:2021-08-08
[INFO ] 2021-08-09 21:50:33.313 [main] BookingController - Found Customer who has booking
[INFO ] 2021-08-09 21:50:33.360 [main] BookingController - successfully updated with booking id2000
[INFO ] 2021-08-09 21:50:33.384 [main] BookingController - successfully entered with booking id2000
[INFO ] 2021-08-09 21:50:33.410 [main] BookingController - Bookings Found
[INFO ] 2021-08-10 00:30:16.867 [Test worker] BookingController - successfully deleted booking id2000
[INFO ] 2021-08-10 00:30:16.965 [Test worker] BookingController - Found driver details with booking id:2000
[INFO ] 2021-08-10 00:30:16.993 [Test worker] BookingController - successfully found booking details by Booking Id
[INFO ] 2021-08-10 00:30:17.039 [Test worker] BookingController - Found Vehicle
[INFO ] 2021-08-10 00:30:17.081 [Test worker] BookingController - Entry found with given date:2021-08-08
[INFO ] 2021-08-10 00:30:17.126 [Test worker] BookingController - Found Customer who has booking
[INFO ] 2021-08-10 00:30:17.191 [Test worker] BookingController - successfully updated with booking id2000
[INFO ] 2021-08-10 00:30:17.212 [Test worker] BookingController - successfully entered with booking id2000
[INFO ] 2021-08-10 00:30:17.275 [Test worker] BookingController - Bookings Found
[INFO ] 2021-08-10 00:30:34.915 [Test worker] BookingController - Bookings Found
[INFO ] 2021-08-10 00:30:35.029 [Test worker] BookingController - successfully found booking details by Booking Id
[INFO ] 2021-08-10 00:30:35.313 [Test worker] BookingController - Entry found with given date:2021-08-08
[INFO ] 2021-08-10 00:30:35.429 [Test worker] BookingController - Found Vehicle
[INFO ] 2021-08-10 00:30:35.528 [Test worker] BookingController - Found Customer who has booking
[INFO ] 2021-08-10 00:30:35.609 [Test worker] BookingController - Found driver details with booking id:2002
[INFO ] 2021-08-10 00:30:36.202 [Test worker] BookingController - successfully deleted booking id2002
[INFO ] 2021-08-10 00:36:52.699 [Test worker] BookingController - successfully deleted booking id2000
[INFO ] 2021-08-10 00:36:52.728 [Test worker] BookingController - Found driver details with booking id:2000
[INFO ] 2021-08-10 00:36:52.742 [Test worker] BookingController - successfully found booking details by Booking Id
[INFO ] 2021-08-10 00:36:52.762 [Test worker] BookingController - Found Vehicle
[INFO ] 2021-08-10 00:36:52.779 [Test worker] BookingController - Entry found with given date:2021-08-08
[INFO ] 2021-08-10 00:36:52.804 [Test worker] BookingController - Found Customer who has booking
[INFO ] 2021-08-10 00:36:52.832 [Test worker] BookingController - successfully updated with booking id2000
[INFO ] 2021-08-10 00:36:52.847 [Test worker] BookingController - successfully entered with booking id2000
[INFO ] 2021-08-10 00:36:52.866 [Test worker] BookingController - Bookings Found
[ERROR] 2021-08-10 00:37:14.686 [Test worker] BookingController - Error while getting booking records
[INFO ] 2021-08-10 00:37:16.051 [Test worker] BookingController - Found Customer who has booking
[ERROR] 2021-08-10 00:42:21.597 [Test worker] BookingController - Error while getting booking records
[INFO ] 2021-08-10 00:42:22.579 [Test worker] BookingController - Found Customer who has booking
[INFO ] 2021-08-10 00:42:37.049 [Test worker] BookingController - successfully deleted booking id2000
[INFO ] 2021-08-10 00:42:37.081 [Test worker] BookingController - Found driver details with booking id:2000
[INFO ] 2021-08-10 00:42:37.102 [Test worker] BookingController - successfully found booking details by Booking Id
[INFO ] 2021-08-10 00:42:37.131 [Test worker] BookingController - Found Vehicle
[INFO ] 2021-08-10 00:42:37.153 [Test worker] BookingController - Entry found with given date:2021-08-08
[INFO ] 2021-08-10 00:42:37.180 [Test worker] BookingController - Found Customer who has booking
[INFO ] 2021-08-10 00:42:37.209 [Test worker] BookingController - successfully updated with booking id2000
[INFO ] 2021-08-10 00:42:37.230 [Test worker] BookingController - successfully entered with booking id2000
[INFO ] 2021-08-10 00:42:37.254 [Test worker] BookingController - Bookings Found
[INFO ] 2021-08-10 09:31:34.919 [Test worker] BookingController - Bookings Found
[INFO ] 2021-08-10 09:31:35.017 [Test worker] BookingController - Successfully found booking details by Booking Id
[INFO ] 2021-08-10 09:31:35.178 [Test worker] BookingController - Entry found with given date:2021-08-08
[INFO ] 2021-08-10 09:31:35.291 [Test worker] BookingController - Found Vehicle
[INFO ] 2021-08-10 09:31:35.380 [Test worker] BookingController - Found Customer who has booking
[INFO ] 2021-08-10 09:31:35.477 [Test worker] BookingController - Found driver details with booking id:2002
[INFO ] 2021-08-10 09:31:35.770 [Test worker] BookingController - Successfully deleted booking id2002
[INFO ] 2021-08-10 09:31:40.615 [Test worker] BookingController - Found driver details with booking id:2000
[INFO ] 2021-08-10 09:31:40.628 [Test worker] BookingController - Successfully found booking details by Booking Id
[INFO ] 2021-08-10 09:31:40.644 [Test worker] BookingController - Found Vehicle
[INFO ] 2021-08-10 09:31:40.659 [Test worker] BookingController - Entry found with given date:2021-08-08
[INFO ] 2021-08-10 09:31:40.673 [Test worker] BookingController - Found Customer who has booking
[INFO ] 2021-08-10 09:31:40.692 [Test worker] BookingController - successfully updated with booking id2000
[INFO ] 2021-08-10 09:31:40.704 [Test worker] BookingController - Successfully entered with booking id2000
[INFO ] 2021-08-10 09:31:40.721 [Test worker] BookingController - Bookings Found
[INFO ] 2021-08-10 09:31:40.734 [Test worker] BookingController - Successfully deleted booking id2000
[INFO ] 2021-08-10 15:16:55.512 [http-nio-8086-exec-7] BookingController - Bookings Found
[INFO ] 2021-08-10 15:17:52.668 [http-nio-8086-exec-7] BookingController - Bookings Found
[INFO ] 2021-08-10 15:19:59.144 [http-nio-8086-exec-7] BookingController - Bookings Found
[INFO ] 2021-08-10 15:20:23.079 [http-nio-8086-exec-8] ActiveBookingController - All the Active Booking have Successfully Viewed 
[INFO ] 2021-08-10 15:21:54.763 [http-nio-8086-exec-2] ActiveBookingController - All the Active Booking have Successfully Viewed 
[INFO ] 2021-08-10 15:22:28.490 [http-nio-8086-exec-7] ActiveBookingController - All the Active Booking have Successfully Viewed 
[INFO ] 2021-08-10 15:23:42.487 [http-nio-8086-exec-3] ActiveBookingController - All the Active Booking have Successfully Viewed 
[INFO ] 2021-08-10 15:24:39.348 [http-nio-8086-exec-7] ActiveBookingController - All the Active Booking have Successfully Viewed 
[INFO ] 2021-08-10 15:24:52.020 [http-nio-8086-exec-8] ActiveBookingController - ActiveBooking had been viewed based on Id
[INFO ] 2021-08-10 15:24:57.605 [http-nio-8086-exec-10] ActiveBookingController - ActiveBooking had been viewed based on Id
[INFO ] 2021-08-10 15:25:00.869 [http-nio-8086-exec-9] ActiveBookingController - ActiveBooking had been viewed based on Id
[INFO ] 2021-08-10 15:25:11.863 [http-nio-8086-exec-1] ActiveBookingController - Successfully viewed the Status 
[INFO ] 2021-08-10 15:25:19.505 [http-nio-8086-exec-2] ActiveBookingController - Successfully viewed the Status 
[INFO ] 2021-08-10 15:25:38.679 [http-nio-8086-exec-4] ActiveBookingController - Pending List successfully viewed 
[INFO ] 2021-08-10 15:33:08.174 [http-nio-8086-exec-7] ActiveBookingController - Pending List successfully viewed 
[INFO ] 2021-08-10 15:34:47.753 [http-nio-8086-exec-7] ActiveBookingController - Pending List successfully viewed 
[INFO ] 2021-08-10 15:41:10.896 [http-nio-8086-exec-9] ActiveBookingController -  Active Booking Updated Successfully
[INFO ] 2021-08-10 15:41:31.719 [http-nio-8086-exec-1] BookingController - Successfully found booking details by Booking Id
[INFO ] 2021-08-10 15:42:37.852 [http-nio-8086-exec-3] ActiveBookingController - All the Active Booking have Successfully Viewed 
[INFO ] 2021-08-10 15:43:07.036 [http-nio-8086-exec-4] ActiveBookingController - Active Booking Deleted Successfully
[INFO ] 2021-08-10 15:43:14.173 [http-nio-8086-exec-5] ActiveBookingController - Active Booking Deleted Successfully
[ERROR] 2021-08-10 17:02:11.334 [http-nio-8086-exec-7] UserController - User not found exception
[INFO ] 2021-08-10 17:02:16.721 [http-nio-8086-exec-8] UserController - successfully found user details by User Id1
[INFO ] 2021-08-10 17:02:34.677 [http-nio-8086-exec-9] UserController - Users Found
[ERROR] 2021-08-10 17:02:53.206 [http-nio-8086-exec-1] UserController - User not found exception
[INFO ] 2021-08-10 17:02:58.739 [http-nio-8086-exec-3] UserController - User found of age 22
[INFO ] 2021-08-10 17:03:00.520 [http-nio-8086-exec-2] UserController - User found of age 22
[ERROR] 2021-08-10 17:03:45.576 [http-nio-8086-exec-4] UserController - User not found exception
[INFO ] 2021-08-10 17:03:58.820 [http-nio-8086-exec-5] UserController - successfully updated with user id: 1
[ERROR] 2021-08-10 17:05:10.421 [http-nio-8086-exec-7] CustomerController - Customer not found
[INFO ] 2021-08-10 17:05:34.290 [http-nio-8086-exec-8] CustomerController - Successful data shown of customer by customerid
[INFO ] 2021-08-10 17:05:51.650 [http-nio-8086-exec-9] CustomerController - Customers found
[ERROR] 2021-08-10 17:08:25.591 [http-nio-8086-exec-7] CustomerController - Customer not found with given email
[INFO ] 2021-08-10 17:08:48.879 [http-nio-8086-exec-6] CustomerController - Customer Email Found
[ERROR] 2021-08-10 17:09:02.748 [http-nio-8086-exec-9] CustomerController - No data found with given location
[INFO ] 2021-08-10 17:09:08.305 [http-nio-8086-exec-10] CustomerController - Customers found by location mumbai
[INFO ] 2021-08-10 17:09:25.190 [http-nio-8086-exec-3] CustomerController - Booking details found
[INFO ] 2021-08-10 17:09:37.378 [http-nio-8086-exec-4] CustomerController - Booking details found
[INFO ] 2021-08-10 17:10:46.649 [http-nio-8086-exec-5] CustomerController - Found Vehicle
[INFO ] 2021-08-10 17:11:02.229 [http-nio-8086-exec-8] CustomerController - Found Vehicle
[INFO ] 2021-08-10 17:15:43.712 [http-nio-8086-exec-9] CustomerController - Successful upation of customer data using ID 1001
[INFO ] 2021-08-10 17:16:37.696 [http-nio-8086-exec-10] BookingController - Bookings Found
[ERROR] 2021-08-10 17:17:05.205 [http-nio-8086-exec-1] BookingController - Error updating booking record
[INFO ] 2021-08-10 17:17:18.555 [http-nio-8086-exec-3] BookingController - Successfully found booking details by Booking Id
[ERROR] 2021-08-10 17:17:38.072 [http-nio-8086-exec-4] BookingController - Invalid Date Input
[ERROR] 2021-08-10 17:18:05.459 [http-nio-8086-exec-2] BookingController - Invalid Date Input
[ERROR] 2021-08-10 17:18:14.946 [http-nio-8086-exec-5] BookingController - Invalid Date Input
[INFO ] 2021-08-10 17:18:35.784 [http-nio-8086-exec-3] BookingController - Entry found with given date:2021-05-08
[INFO ] 2021-08-10 17:19:11.114 [http-nio-8086-exec-4] BookingController - Found Customer who has booking
[ERROR] 2021-08-10 17:21:39.866 [http-nio-8086-exec-7] BookingController - no bookings found
[INFO ] 2021-08-10 17:21:57.548 [http-nio-8086-exec-8] BookingController - Found Customer who has booking
[ERROR] 2021-08-10 17:22:31.626 [http-nio-8086-exec-9] BookingController - no driver found with booking id
[INFO ] 2021-08-10 17:22:40.622 [http-nio-8086-exec-1] BookingController - Found driver details with booking id:2001
[ERROR] 2021-08-10 17:23:03.791 [http-nio-8086-exec-2] BookingController - no vehicle found with booking id
[INFO ] 2021-08-10 17:23:11.829 [http-nio-8086-exec-3] BookingController - Found Vehicle
[INFO ] 2021-08-10 17:26:17.306 [http-nio-8086-exec-5] BookingController - successfully updated with booking id2001
[INFO ] 2021-08-10 17:26:43.187 [http-nio-8086-exec-6] BookingController - successfully updated with booking id2001
[INFO ] 2021-08-10 17:28:40.646 [http-nio-8086-exec-7] BookingController - successfully updated with booking id2001
[ERROR] 2021-08-10 17:29:17.114 [http-nio-8086-exec-9] BookingController - error deleting booking record since booking id does not exists
[INFO ] 2021-08-10 17:43:02.637 [http-nio-8086-exec-1] BookingController - successfully updated with booking id2001
[ERROR] 2021-08-10 20:13:20.135 [http-nio-8086-exec-5] BookingController - no bookings found
[ERROR] 2021-08-10 20:13:32.551 [http-nio-8086-exec-6] BookingController - no bookings found
[INFO ] 2021-08-10 20:13:37.264 [http-nio-8086-exec-7] BookingController - Found Customer who has booking
[ERROR] 2021-08-10 20:52:01.049 [http-nio-8086-exec-7] BookingController - no status found with booking id
[ERROR] 2021-08-10 20:52:07.168 [http-nio-8086-exec-8] BookingController - no status found with booking id
[INFO ] 2021-08-10 20:52:12.413 [http-nio-8086-exec-9] BookingController - Successfully found booking status by Booking Id2002
[INFO ] 2021-08-10 20:52:16.882 [http-nio-8086-exec-10] BookingController - Successfully found booking status by Booking Id2002
[ERROR] 2021-08-10 20:52:31.983 [http-nio-8086-exec-1] BookingController - no status found with booking id
[INFO ] 2021-08-10 20:52:39.663 [http-nio-8086-exec-3] BookingController - Successfully found booking status by Booking Id2002
[INFO ] 2021-08-10 20:54:10.653 [http-nio-8086-exec-7] BookingController - Successfully found booking status by Booking Id2002
[INFO ] 2021-08-10 20:56:12.219 [http-nio-8086-exec-4] BookingController - Successfully found booking status by Booking Id2002
[INFO ] 2021-08-10 20:59:28.222 [http-nio-8086-exec-7] BookingController - Successfully found booking status by Booking Id2002
[INFO ] 2021-08-10 21:36:46.837 [http-nio-8086-exec-4] BookingController - Successfully found booking status by Booking Id2002
[INFO ] 2021-08-10 21:40:48.712 [http-nio-8086-exec-7] BookingController - Successfully found booking status by Booking Id2002
[INFO ] 2021-08-10 21:42:51.645 [http-nio-8086-exec-10] BookingController - successfully updated with booking id2002
[INFO ] 2021-08-10 21:45:06.969 [http-nio-8086-exec-1] BookingController - successfully updated with booking id2002
[INFO ] 2021-08-10 22:08:35.369 [http-nio-8086-exec-7] BookingController - begin view all booking
[INFO ] 2021-08-10 22:08:35.701 [http-nio-8086-exec-7] BookingController - Bookings Found
[INFO ] 2021-08-10 22:08:50.265 [http-nio-8086-exec-8] BookingController - begin view booking by id
[WARN ] 2021-08-10 22:08:50.280 [http-nio-8086-exec-8] BookingController - Booking not found
[INFO ] 2021-08-10 22:09:05.108 [http-nio-8086-exec-9] BookingController - begin view booking by id
[INFO ] 2021-08-10 22:09:05.158 [http-nio-8086-exec-9] BookingController - Successfully found booking details by Booking Id
[INFO ] 2021-08-10 22:09:13.467 [http-nio-8086-exec-10] BookingController - begin view booking by id
[WARN ] 2021-08-10 22:09:13.475 [http-nio-8086-exec-10] BookingController - Booking not found
[ERROR] 2021-08-10 22:09:35.980 [http-nio-8086-exec-2] BookingController - Invalid Date Input
[INFO ] 2021-08-10 22:09:47.346 [http-nio-8086-exec-4] BookingController - begin view booking by date
[ERROR] 2021-08-10 22:09:47.352 [http-nio-8086-exec-4] BookingController - No booking with date:2020-10-08
[INFO ] 2021-08-10 22:10:00.466 [http-nio-8086-exec-3] BookingController - begin view booking by date
[ERROR] 2021-08-10 22:10:00.468 [http-nio-8086-exec-3] BookingController - No booking with date:2020-08-10
[INFO ] 2021-08-10 22:10:16.456 [http-nio-8086-exec-5] BookingController - begin view booking by date
[INFO ] 2021-08-10 22:10:16.466 [http-nio-8086-exec-5] BookingController - Entry found with given date:2021-08-10
[INFO ] 2021-08-10 22:10:33.543 [http-nio-8086-exec-6] BookingController - begin customer details by booking id
[ERROR] 2021-08-10 22:10:33.552 [http-nio-8086-exec-6] BookingController - Customer not found with id: 1
[INFO ] 2021-08-10 22:10:40.577 [http-nio-8086-exec-7] BookingController - begin customer details by booking id
[INFO ] 2021-08-10 22:10:40.597 [http-nio-8086-exec-7] BookingController - Found Customer who has booking
[INFO ] 2021-08-10 22:10:54.434 [http-nio-8086-exec-8] BookingController - Driver details by booking id
[ERROR] 2021-08-10 22:10:54.446 [http-nio-8086-exec-8] BookingController - driver not found for booking id: 2002
[INFO ] 2021-08-10 22:11:39.814 [http-nio-8086-exec-9] BookingController - begin vehicle details by booking id
[ERROR] 2021-08-10 22:11:39.853 [http-nio-8086-exec-9] BookingController - Vehicle not alloted
[INFO ] 2021-08-10 22:22:07.851 [http-nio-8086-exec-6] BookingController - begin view booking by id
[ERROR] 2021-08-10 22:22:07.852 [http-nio-8086-exec-6] BookingController - Booking id entered was negative
[INFO ] 2021-08-10 22:22:29.304 [http-nio-8086-exec-8] BookingController - begin view booking by id
[WARN ] 2021-08-10 22:22:29.344 [http-nio-8086-exec-8] BookingController - Booking not found
[INFO ] 2021-08-10 22:22:37.975 [http-nio-8086-exec-9] BookingController - begin view booking by id
[INFO ] 2021-08-10 22:22:38.089 [http-nio-8086-exec-9] BookingController - Successfully found booking details by Booking Id
[INFO ] 2021-08-10 22:30:04.879 [main] BookingController - Driver details by booking id
[INFO ] 2021-08-10 22:30:04.901 [main] BookingController - Found driver details with booking id:2000
[INFO ] 2021-08-10 22:30:06.284 [main] BookingController - begin view booking by id
[INFO ] 2021-08-10 22:30:06.285 [main] BookingController - Successfully found booking details by Booking Id
[INFO ] 2021-08-10 22:30:06.404 [main] BookingController - begin vehicle details by booking id
[INFO ] 2021-08-10 22:30:06.405 [main] BookingController - Found Vehicle
[INFO ] 2021-08-10 22:30:06.645 [main] BookingController - begin view booking by date
[INFO ] 2021-08-10 22:30:06.646 [main] BookingController - Entry found with given date:2021-08-08
[INFO ] 2021-08-10 22:30:06.777 [main] BookingController - begin customer details by booking id
[ERROR] 2021-08-10 22:30:06.779 [main] BookingController - Customer not found with id: 2000
[INFO ] 2021-08-10 22:30:07.089 [main] BookingController - begin cancel bookoking
[INFO ] 2021-08-10 22:30:07.092 [main] BookingController - successfully updated with booking id2000
[INFO ] 2021-08-10 22:30:07.139 [main] BookingController - begin add booking
[INFO ] 2021-08-10 22:30:07.140 [main] BookingController - Successfully entered with booking id2000
[INFO ] 2021-08-10 22:30:07.179 [main] BookingController - begin view all booking
[INFO ] 2021-08-10 22:30:07.180 [main] BookingController - Bookings Found
[INFO ] 2021-08-10 22:30:07.226 [main] BookingController - begin cancel bookoking
[INFO ] 2021-08-10 22:30:07.231 [main] BookingController - Successfully deleted booking id2000
[INFO ] 2021-08-10 22:32:24.860 [main] BookingController - Driver details by booking id
[INFO ] 2021-08-10 22:32:24.883 [main] BookingController - Found driver details with booking id:2000
[INFO ] 2021-08-10 22:32:25.422 [main] BookingController - begin view booking by id
[INFO ] 2021-08-10 22:32:25.424 [main] BookingController - Successfully found booking details by Booking Id
[INFO ] 2021-08-10 22:32:25.845 [main] BookingController - begin vehicle details by booking id
[INFO ] 2021-08-10 22:32:25.847 [main] BookingController - Found Vehicle
[INFO ] 2021-08-10 22:32:26.068 [main] BookingController - begin view booking by date
[INFO ] 2021-08-10 22:32:26.070 [main] BookingController - Entry found with given date:2021-08-08
[INFO ] 2021-08-10 22:32:26.160 [main] BookingController - begin customer details by booking id
[ERROR] 2021-08-10 22:32:26.161 [main] BookingController - Customer not found with id: 2001
[INFO ] 2021-08-10 22:32:26.491 [main] BookingController - begin cancel bookoking
[INFO ] 2021-08-10 22:32:26.493 [main] BookingController - successfully updated with booking id2000
[INFO ] 2021-08-10 22:32:26.723 [main] BookingController - begin add booking
[INFO ] 2021-08-10 22:32:26.724 [main] BookingController - Successfully entered with booking id2000
[INFO ] 2021-08-10 22:32:26.921 [main] BookingController - begin view all booking
[INFO ] 2021-08-10 22:32:27.046 [main] BookingController - Bookings Found
[INFO ] 2021-08-10 22:32:27.083 [main] BookingController - begin cancel bookoking
[INFO ] 2021-08-10 22:32:27.084 [main] BookingController - Successfully deleted booking id2000
[INFO ] 2021-08-10 22:35:19.805 [main] BookingController - Driver details by booking id
[INFO ] 2021-08-10 22:35:19.985 [main] BookingController - Found driver details with booking id:2000
[INFO ] 2021-08-10 22:35:20.504 [main] BookingController - begin view booking by id
[INFO ] 2021-08-10 22:35:20.506 [main] BookingController - Successfully found booking details by Booking Id
[INFO ] 2021-08-10 22:35:20.672 [main] BookingController - begin vehicle details by booking id
[INFO ] 2021-08-10 22:35:20.673 [main] BookingController - Found Vehicle
[INFO ] 2021-08-10 22:35:20.780 [main] BookingController - begin view booking by date
[INFO ] 2021-08-10 22:35:20.781 [main] BookingController - Entry found with given date:2021-08-08
[INFO ] 2021-08-10 22:35:20.901 [main] BookingController - begin customer details by booking id
[ERROR] 2021-08-10 22:35:20.903 [main] BookingController - Customer not found with id: 2001
[INFO ] 2021-08-10 22:35:21.167 [main] BookingController - begin cancel bookoking
[INFO ] 2021-08-10 22:35:21.169 [main] BookingController - successfully updated with booking id2000
[INFO ] 2021-08-10 22:35:21.258 [main] BookingController - begin add booking
[INFO ] 2021-08-10 22:35:21.260 [main] BookingController - Successfully entered with booking id2000
[INFO ] 2021-08-10 22:35:21.395 [main] BookingController - begin view all booking
[INFO ] 2021-08-10 22:35:21.396 [main] BookingController - Bookings Found
[INFO ] 2021-08-10 22:35:21.429 [main] BookingController - begin cancel bookoking
[INFO ] 2021-08-10 22:35:21.463 [main] BookingController - Successfully deleted booking id2000
[INFO ] 2021-08-11 10:43:22.673 [http-nio-8086-exec-8] PaymentController - All Payments
[ERROR] 2021-08-11 10:43:22.696 [http-nio-8086-exec-8] PaymentController - No payments to view as No payments are Added
[INFO ] 2021-08-11 10:45:08.294 [http-nio-8086-exec-6] PaymentController - All Payments
[INFO ] 2021-08-11 10:45:30.294 [http-nio-8086-exec-8] PaymentController - Payments Of Booking are displayed Sucessfully
[INFO ] 2021-08-11 10:45:58.532 [http-nio-8086-exec-9] BookingController - begin view booking by id
[INFO ] 2021-08-11 10:45:58.540 [http-nio-8086-exec-9] BookingController - Successfully found booking details by Booking Id
[INFO ] 2021-08-11 10:46:43.906 [http-nio-8086-exec-10] BookingController - booking status with booking id:2002
[INFO ] 2021-08-11 10:46:43.913 [http-nio-8086-exec-10] BookingController - Successfully found booking status by Booking Id2002
[ERROR] 2021-08-11 10:47:12.764 [http-nio-8086-exec-1] BookingController - Invalid Date Input
[ERROR] 2021-08-11 10:47:21.198 [http-nio-8086-exec-3] BookingController - Invalid Date Input
[INFO ] 2021-08-11 10:47:44.818 [http-nio-8086-exec-7] BookingController - begin view booking by date
[INFO ] 2021-08-11 10:47:44.832 [http-nio-8086-exec-7] BookingController - Entry found with given date:2021-08-10
[INFO ] 2021-08-11 10:48:10.648 [http-nio-8086-exec-10] BookingController - begin customer details by booking id
[INFO ] 2021-08-11 10:48:10.654 [http-nio-8086-exec-10] BookingController - Found Customer who has booking
[INFO ] 2021-08-11 10:48:45.364 [http-nio-8086-exec-3] BookingController - begin vehicle details by booking id
[ERROR] 2021-08-11 10:48:45.375 [http-nio-8086-exec-3] BookingController - Vehicle not alloted
[INFO ] 2021-08-11 10:49:39.150 [http-nio-8086-exec-2] BookingController - begin vehicle details by booking id
[ERROR] 2021-08-11 10:49:39.159 [http-nio-8086-exec-2] BookingController - Vehicle not alloted
[INFO ] 2021-08-11 11:15:52.046 [http-nio-8086-exec-7] ActiveBookingController - All the Active Booking have Successfully Viewed 
[INFO ] 2021-08-11 11:17:29.495 [http-nio-8086-exec-10] ActiveBookingController -  Active Booking Updated Successfully
[INFO ] 2021-08-11 11:18:31.205 [http-nio-8086-exec-2] BookingController - begin view booking by date
[ERROR] 2021-08-11 11:18:31.211 [http-nio-8086-exec-2] BookingController - No booking with date:2021-10-08
[INFO ] 2021-08-11 11:18:40.349 [http-nio-8086-exec-3] BookingController - begin view booking by date
[INFO ] 2021-08-11 11:18:40.360 [http-nio-8086-exec-3] BookingController - Entry found with given date:2021-08-10
[INFO ] 2021-08-11 11:19:17.839 [http-nio-8086-exec-4] CustomerController - Customers found
[INFO ] 2021-08-11 11:20:18.304 [http-nio-8086-exec-6] PaymentController - All Payments
[INFO ] 2021-08-11 11:21:07.137 [http-nio-8086-exec-9] PaymentController - All Payments
[INFO ] 2021-08-11 11:21:39.187 [http-nio-8086-exec-8] PaymentController - Payments Of Booking are displayed Sucessfully
[INFO ] 2021-08-11 11:23:20.954 [http-nio-8086-exec-2] UserController - User found of age 22
[INFO ] 2021-08-11 11:23:32.793 [http-nio-8086-exec-3] UserController - Users Found
[INFO ] 2021-08-11 11:23:53.893 [http-nio-8086-exec-4] UserController - User found of given role user
[INFO ] 2021-08-11 11:24:46.392 [http-nio-8086-exec-5] UserController - successfully updated with user id: 1
[INFO ] 2021-08-11 11:33:16.452 [http-nio-8086-exec-7] UserController - successfully updated with user id: 1
[INFO ] 2021-08-11 11:55:09.230 [main] BookingController - Driver details by booking id
[INFO ] 2021-08-11 11:55:09.243 [main] BookingController - Found driver details with booking id:2000
[INFO ] 2021-08-11 11:55:09.307 [main] BookingController - begin view booking by id
[INFO ] 2021-08-11 11:55:09.308 [main] BookingController - Successfully found booking details by Booking Id
[INFO ] 2021-08-11 11:55:09.329 [main] BookingController - begin vehicle details by booking id
[INFO ] 2021-08-11 11:55:09.330 [main] BookingController - Found Vehicle
[INFO ] 2021-08-11 11:55:09.347 [main] BookingController - begin view booking by date
[INFO ] 2021-08-11 11:55:09.348 [main] BookingController - Entry found with given date:2021-08-08
[INFO ] 2021-08-11 11:55:09.363 [main] BookingController - begin cancel bookoking
[INFO ] 2021-08-11 11:55:09.364 [main] BookingController - successfully updated with booking id2000
[INFO ] 2021-08-11 11:55:09.377 [main] BookingController - begin add booking
[INFO ] 2021-08-11 11:55:09.377 [main] BookingController - Successfully entered with booking id2000
[INFO ] 2021-08-11 11:55:09.393 [main] BookingController - begin view all booking
[INFO ] 2021-08-11 11:55:09.394 [main] BookingController - Bookings Found
[INFO ] 2021-08-11 11:55:09.412 [main] BookingController - begin cancel bookoking
[INFO ] 2021-08-11 11:55:09.413 [main] BookingController - Successfully deleted booking id2000
[INFO ] 2021-08-11 15:56:34.784 [http-nio-8086-exec-7] BookingController - Driver details by booking id
[ERROR] 2021-08-11 15:56:34.835 [http-nio-8086-exec-7] BookingController - Booking id entered was negative
[INFO ] 2021-08-11 19:05:06.751 [http-nio-8086-exec-2] BookingController - begin add booking
[INFO ] 2021-08-11 19:05:06.859 [http-nio-8086-exec-2] BookingController - Successfully entered with booking id2005
[INFO ] 2021-08-11 19:47:16.974 [http-nio-8086-exec-7] BookingController - begin add booking
[ERROR] 2021-08-11 19:47:17.069 [http-nio-8086-exec-7] BookingController - Failed to add booking record with booking id2002
[INFO ] 2021-08-11 19:47:31.206 [http-nio-8086-exec-9] BookingController - begin add booking
[ERROR] 2021-08-11 19:47:31.213 [http-nio-8086-exec-9] BookingController - Failed to add booking record with booking id2002
[INFO ] 2021-08-11 19:47:55.947 [http-nio-8086-exec-1] BookingController - begin add booking
[INFO ] 2021-08-11 19:54:37.915 [http-nio-8086-exec-7] BookingController - begin add booking
[INFO ] 2021-08-11 19:56:23.870 [http-nio-8086-exec-7] BookingController - begin add booking
[INFO ] 2021-08-11 19:57:37.682 [http-nio-8086-exec-10] BookingController - begin add booking
[ERROR] 2021-08-11 19:57:37.688 [http-nio-8086-exec-10] BookingController - Failed to add booking record with booking id2002
[INFO ] 2021-08-11 19:57:48.444 [http-nio-8086-exec-1] BookingController - begin add booking
[INFO ] 2021-08-11 20:00:58.410 [http-nio-8086-exec-7] BookingController - begin add booking
[INFO ] 2021-08-11 20:01:45.219 [http-nio-8086-exec-1] BookingController - begin add booking
[INFO ] 2021-08-11 20:01:45.259 [http-nio-8086-exec-1] BookingController - Successfully entered with booking id2005
[INFO ] 2021-08-11 20:05:49.461 [http-nio-8086-exec-5] BookingController - begin cancel bookoking
[INFO ] 2021-08-11 20:05:49.510 [http-nio-8086-exec-5] BookingController - successfully updated with booking id2002
[INFO ] 2021-08-11 20:12:07.240 [http-nio-8086-exec-5] BookingController - begin add booking
[INFO ] 2021-08-11 20:12:07.300 [http-nio-8086-exec-5] BookingController - Successfully entered with booking id2006
[INFO ] 2021-08-11 20:12:07.300 [http-nio-8086-exec-5] BookingController - Successfully updated status for booking id2006
[INFO ] 2021-08-11 20:14:06.375 [http-nio-8086-exec-8] BookingController - begin add booking
[INFO ] 2021-08-11 20:14:06.410 [http-nio-8086-exec-8] BookingController - Successfully entered with booking id2006
[INFO ] 2021-08-11 20:14:06.411 [http-nio-8086-exec-8] BookingController - Successfully updated status for booking id2006
[INFO ] 2021-08-11 20:16:18.493 [http-nio-8086-exec-7] BookingController - begin add booking
[INFO ] 2021-08-11 20:16:18.541 [http-nio-8086-exec-7] BookingController - Successfully entered with booking id2006
[INFO ] 2021-08-11 20:19:44.378 [http-nio-8086-exec-7] BookingController - begin add booking
[ERROR] 2021-08-11 20:19:44.399 [http-nio-8086-exec-7] BookingController - Failed to add booking record with booking id2006
[INFO ] 2021-08-11 20:20:04.097 [http-nio-8086-exec-4] BookingController - begin add booking
[INFO ] 2021-08-11 20:20:04.125 [http-nio-8086-exec-4] BookingController - Successfully entered with booking id2006
[INFO ] 2021-08-11 20:20:04.159 [http-nio-8086-exec-4] BookingController - Successfully updated status for booking id2006
[INFO ] 2021-08-11 20:23:36.528 [main] BookingController - Driver details by booking id
[INFO ] 2021-08-11 20:23:36.581 [main] BookingController - Found driver details with booking id:2000
[INFO ] 2021-08-11 20:23:36.682 [main] BookingController - begin view booking by id
[INFO ] 2021-08-11 20:23:36.683 [main] BookingController - Successfully found booking details by Booking Id
[INFO ] 2021-08-11 20:23:36.709 [main] BookingController - begin vehicle details by booking id
[INFO ] 2021-08-11 20:23:36.710 [main] BookingController - Found Vehicle
[INFO ] 2021-08-11 20:23:36.727 [main] BookingController - begin view booking by date
[INFO ] 2021-08-11 20:23:36.728 [main] BookingController - Entry found with given date:2021-08-08
[INFO ] 2021-08-11 20:23:36.756 [main] BookingController - begin cancel bookoking
[INFO ] 2021-08-11 20:23:36.758 [main] BookingController - successfully updated with booking id2000
[INFO ] 2021-08-11 20:23:36.775 [main] BookingController - begin view all booking
[INFO ] 2021-08-11 20:23:36.775 [main] BookingController - Bookings Found
[INFO ] 2021-08-11 20:23:36.794 [main] BookingController - begin cancel bookoking
[INFO ] 2021-08-11 20:23:36.795 [main] BookingController - Successfully deleted booking id2000
[INFO ] 2021-08-11 21:34:07.766 [main] BookingController - Driver details by booking id
[INFO ] 2021-08-11 21:34:07.781 [main] BookingController - Found driver details with booking id:2000
[INFO ] 2021-08-11 21:34:07.851 [main] BookingController - begin view booking by id
[INFO ] 2021-08-11 21:34:07.852 [main] BookingController - Successfully found booking details by Booking Id
[INFO ] 2021-08-11 21:34:07.867 [main] BookingController - begin vehicle details by booking id
[INFO ] 2021-08-11 21:34:07.868 [main] BookingController - Found Vehicle
[INFO ] 2021-08-11 21:34:07.889 [main] BookingController - begin view booking by date
[INFO ] 2021-08-11 21:34:07.890 [main] BookingController - Entry found with given date:2021-08-08
[INFO ] 2021-08-11 21:34:07.918 [main] BookingController - begin cancel bookoking
[INFO ] 2021-08-11 21:34:07.918 [main] BookingController - successfully updated with booking id2000
[INFO ] 2021-08-11 21:34:07.935 [main] BookingController - begin view all booking
[INFO ] 2021-08-11 21:34:07.936 [main] BookingController - Bookings Found
[INFO ] 2021-08-11 21:34:07.968 [main] BookingController - begin cancel bookoking
[INFO ] 2021-08-11 21:34:07.968 [main] BookingController - Successfully deleted booking id2000
[INFO ] 2021-08-11 21:35:22.583 [http-nio-8086-exec-5] BookingController - begin cancel bookoking
[ERROR] 2021-08-11 21:35:22.666 [http-nio-8086-exec-5] BookingController - error while deleting record since record not found
[ERROR] 2021-08-11 21:35:22.667 [http-nio-8086-exec-5] BookingController - error deleting booking record since booking id does not exists
[INFO ] 2021-08-11 21:35:30.300 [http-nio-8086-exec-6] BookingController - begin cancel bookoking
[INFO ] 2021-08-11 21:35:30.419 [http-nio-8086-exec-6] BookingController - Successfully deleted booking id2006
[INFO ] 2021-08-11 21:38:03.394 [http-nio-8086-exec-9] BookingController - begin cancel bookoking
[INFO ] 2021-08-11 21:38:03.425 [http-nio-8086-exec-9] BookingController - Successfully deleted booking id2005
[INFO ] 2021-08-11 21:39:22.949 [http-nio-8086-exec-7] BookingController - begin cancel bookoking
[INFO ] 2021-08-11 21:39:22.992 [http-nio-8086-exec-7] BookingController - Successfully deleted booking id2006
[INFO ] 2021-08-11 21:40:40.109 [http-nio-8086-exec-7] BookingController - begin cancel bookoking
[INFO ] 2021-08-11 21:40:40.156 [http-nio-8086-exec-7] BookingController - Successfully deleted booking id2006
[INFO ] 2021-08-11 21:41:56.916 [http-nio-8086-exec-7] BookingController - begin cancel bookoking
[INFO ] 2021-08-11 21:41:57.099 [http-nio-8086-exec-7] BookingController - Successfully deleted booking id2006
[INFO ] 2021-08-11 21:45:59.507 [http-nio-8086-exec-7] BookingController - begin cancel bookoking
[INFO ] 2021-08-11 21:45:59.556 [http-nio-8086-exec-7] BookingController - Successfully deleted booking id2006
[INFO ] 2021-08-11 22:10:03.110 [http-nio-8086-exec-7] BookingController - begin add booking
[INFO ] 2021-08-11 22:10:03.345 [http-nio-8086-exec-7] BookingController - Successfully entered with booking id2006
[INFO ] 2021-08-11 22:10:03.368 [http-nio-8086-exec-7] BookingController - Successfully updated status for booking id2006
[INFO ] 2021-08-11 22:10:24.718 [http-nio-8086-exec-9] BookingController - begin cancel bookoking
[INFO ] 2021-08-11 22:10:24.756 [http-nio-8086-exec-9] BookingController - Successfully deleted booking id2006
[INFO ] 2021-08-11 22:16:44.031 [http-nio-8086-exec-1] BookingController - begin add booking
[INFO ] 2021-08-11 22:16:44.258 [http-nio-8086-exec-1] BookingController - Successfully entered with booking id2001
[INFO ] 2021-08-11 22:16:44.301 [http-nio-8086-exec-1] BookingController - Successfully updated status for booking id2001
[INFO ] 2021-08-11 22:17:39.308 [http-nio-8086-exec-2] BookingController - begin cancel bookoking
[INFO ] 2021-08-11 22:17:39.373 [http-nio-8086-exec-2] BookingController - Successfully deleted booking id2001
[INFO ] 2021-08-11 22:18:01.378 [http-nio-8086-exec-3] BookingController - begin add booking
[INFO ] 2021-08-11 22:26:04.680 [http-nio-8086-exec-1] BookingController - begin add booking
[ERROR] 2021-08-11 22:26:04.825 [http-nio-8086-exec-1] BookingController - Failed to add booking record with booking id2001
[INFO ] 2021-08-11 22:26:16.281 [http-nio-8086-exec-2] BookingController - begin cancel bookoking
[INFO ] 2021-08-11 22:26:16.381 [http-nio-8086-exec-2] BookingController - Successfully deleted booking id2002
[INFO ] 2021-08-11 22:27:16.108 [http-nio-8086-exec-3] BookingController - begin add booking
[INFO ] 2021-08-11 22:27:16.176 [http-nio-8086-exec-3] BookingController - Successfully entered with booking id2003
[INFO ] 2021-08-11 22:27:16.229 [http-nio-8086-exec-3] BookingController - Successfully updated status for booking id2003
[INFO ] 2021-08-11 22:27:39.070 [http-nio-8086-exec-4] BookingController - begin cancel bookoking
[INFO ] 2021-08-11 22:27:39.083 [http-nio-8086-exec-4] BookingController - Successfully deleted booking id2003
[INFO ] 2021-08-11 23:06:57.035 [main] BookingController - Driver details by booking id
[INFO ] 2021-08-11 23:06:57.069 [main] BookingController - Found driver details with booking id:2000
[INFO ] 2021-08-11 23:06:57.221 [main] BookingController - begin view booking by id
[INFO ] 2021-08-11 23:06:57.223 [main] BookingController - Successfully found booking details by Booking Id
[INFO ] 2021-08-11 23:06:57.294 [main] BookingController - begin vehicle details by booking id
[INFO ] 2021-08-11 23:06:57.296 [main] BookingController - Found Vehicle
[INFO ] 2021-08-11 23:06:57.342 [main] BookingController - begin view booking by date
[INFO ] 2021-08-11 23:06:57.343 [main] BookingController - Entry found with given date:2021-08-08
[INFO ] 2021-08-11 23:06:57.411 [main] BookingController - begin cancel bookoking
[INFO ] 2021-08-11 23:06:57.415 [main] BookingController - successfully updated with booking id2000
[INFO ] 2021-08-11 23:06:57.510 [main] BookingController - begin add booking
[INFO ] 2021-08-11 23:06:57.587 [main] BookingController - begin view all booking
[INFO ] 2021-08-11 23:06:57.588 [main] BookingController - Bookings Found
[INFO ] 2021-08-11 23:06:57.628 [main] BookingController - begin cancel bookoking
[INFO ] 2021-08-11 23:06:57.629 [main] BookingController - Successfully deleted booking id2000
[INFO ] 2021-08-11 23:09:29.979 [main] BookingController - Driver details by booking id
[INFO ] 2021-08-11 23:09:29.994 [main] BookingController - Found driver details with booking id:2000
[INFO ] 2021-08-11 23:09:30.085 [main] BookingController - begin view booking by id
[INFO ] 2021-08-11 23:09:30.088 [main] BookingController - Successfully found booking details by Booking Id
[INFO ] 2021-08-11 23:09:30.162 [main] BookingController - begin vehicle details by booking id
[INFO ] 2021-08-11 23:09:30.164 [main] BookingController - Found Vehicle
[INFO ] 2021-08-11 23:09:30.300 [main] BookingController - begin view booking by date
[INFO ] 2021-08-11 23:09:30.303 [main] BookingController - Entry found with given date:2021-08-08
[INFO ] 2021-08-11 23:09:30.399 [main] BookingController - begin cancel bookoking
[INFO ] 2021-08-11 23:09:30.401 [main] BookingController - successfully updated with booking id2000
[INFO ] 2021-08-11 23:09:30.435 [main] BookingController - begin add booking
[INFO ] 2021-08-11 23:09:30.495 [main] BookingController - begin view all booking
[INFO ] 2021-08-11 23:09:30.496 [main] BookingController - Bookings Found
[INFO ] 2021-08-11 23:09:30.522 [main] BookingController - begin cancel bookoking
[INFO ] 2021-08-11 23:09:30.523 [main] BookingController - Successfully deleted booking id2000
[INFO ] 2021-08-11 23:11:44.563 [main] BookingController - Driver details by booking id
[INFO ] 2021-08-11 23:11:44.576 [main] BookingController - Found driver details with booking id:2000
[INFO ] 2021-08-11 23:11:44.641 [main] BookingController - begin view booking by id
[INFO ] 2021-08-11 23:11:44.641 [main] BookingController - Successfully found booking details by Booking Id
[INFO ] 2021-08-11 23:11:44.664 [main] BookingController - begin vehicle details by booking id
[INFO ] 2021-08-11 23:11:44.664 [main] BookingController - Found Vehicle
[INFO ] 2021-08-11 23:11:44.699 [main] BookingController - begin view booking by date
[INFO ] 2021-08-11 23:11:44.699 [main] BookingController - Entry found with given date:2021-08-08
[INFO ] 2021-08-11 23:11:44.725 [main] BookingController - begin cancel bookoking
[INFO ] 2021-08-11 23:11:44.726 [main] BookingController - successfully updated with booking id2000
[INFO ] 2021-08-11 23:11:44.747 [main] BookingController - begin add booking
[INFO ] 2021-08-11 23:11:44.772 [main] BookingController - begin view all booking
[INFO ] 2021-08-11 23:11:44.773 [main] BookingController - Bookings Found
[INFO ] 2021-08-11 23:11:44.791 [main] BookingController - begin cancel bookoking
[INFO ] 2021-08-11 23:11:44.792 [main] BookingController - Successfully deleted booking id2000
[INFO ] 2021-08-11 23:14:17.867 [main] BookingController - Driver details by booking id
[INFO ] 2021-08-11 23:14:17.883 [main] BookingController - Found driver details with booking id:2000
[INFO ] 2021-08-11 23:14:17.952 [main] BookingController - begin view booking by id
[INFO ] 2021-08-11 23:14:17.952 [main] BookingController - Successfully found booking details by Booking Id
[INFO ] 2021-08-11 23:14:17.989 [main] BookingController - begin vehicle details by booking id
[INFO ] 2021-08-11 23:14:17.990 [main] BookingController - Found Vehicle
[INFO ] 2021-08-11 23:14:18.015 [main] BookingController - begin view booking by date
[INFO ] 2021-08-11 23:14:18.016 [main] BookingController - Entry found with given date:2021-08-08
[INFO ] 2021-08-11 23:14:18.048 [main] BookingController - begin cancel bookoking
[INFO ] 2021-08-11 23:14:18.049 [main] BookingController - successfully updated with booking id2000
[INFO ] 2021-08-11 23:14:18.074 [main] BookingController - begin add booking
[INFO ] 2021-08-11 23:14:18.109 [main] BookingController - begin view all booking
[INFO ] 2021-08-11 23:14:18.110 [main] BookingController - Bookings Found
[INFO ] 2021-08-11 23:14:18.129 [main] BookingController - begin cancel bookoking
[INFO ] 2021-08-11 23:14:18.130 [main] BookingController - Successfully deleted booking id2000
[INFO ] 2021-08-11 23:16:47.651 [main] BookingController - Driver details by booking id
[INFO ] 2021-08-11 23:16:47.661 [main] BookingController - Found driver details with booking id:2000
[INFO ] 2021-08-11 23:16:47.752 [main] BookingController - begin view booking by id
[INFO ] 2021-08-11 23:16:47.753 [main] BookingController - Successfully found booking details by Booking Id
[INFO ] 2021-08-11 23:16:47.783 [main] BookingController - begin vehicle details by booking id
[INFO ] 2021-08-11 23:16:47.784 [main] BookingController - Found Vehicle
[INFO ] 2021-08-11 23:16:47.802 [main] BookingController - begin view booking by date
[INFO ] 2021-08-11 23:16:47.804 [main] BookingController - Entry found with given date:2021-08-08
[INFO ] 2021-08-11 23:16:47.824 [main] BookingController - begin cancel bookoking
[INFO ] 2021-08-11 23:16:47.826 [main] BookingController - successfully updated with booking id2000
[INFO ] 2021-08-11 23:16:47.873 [main] BookingController - begin view all booking
[INFO ] 2021-08-11 23:16:47.874 [main] BookingController - Bookings Found
[INFO ] 2021-08-11 23:16:47.899 [main] BookingController - begin cancel bookoking
[INFO ] 2021-08-11 23:16:47.899 [main] BookingController - Successfully deleted booking id2000
[INFO ] 2021-08-11 23:17:46.647 [main] BookingController - Driver details by booking id
[INFO ] 2021-08-11 23:17:46.661 [main] BookingController - Found driver details with booking id:2000
[INFO ] 2021-08-11 23:17:46.750 [main] BookingController - begin view booking by id
[INFO ] 2021-08-11 23:17:46.751 [main] BookingController - Successfully found booking details by Booking Id
[INFO ] 2021-08-11 23:17:46.788 [main] BookingController - begin vehicle details by booking id
[INFO ] 2021-08-11 23:17:46.789 [main] BookingController - Found Vehicle
[INFO ] 2021-08-11 23:17:46.811 [main] BookingController - begin view booking by date
[INFO ] 2021-08-11 23:17:46.812 [main] BookingController - Entry found with given date:2021-08-08
[INFO ] 2021-08-11 23:17:46.833 [main] BookingController - begin cancel bookoking
[INFO ] 2021-08-11 23:17:46.834 [main] BookingController - successfully updated with booking id2000
[INFO ] 2021-08-11 23:17:46.851 [main] BookingController - begin add booking
[INFO ] 2021-08-11 23:17:46.880 [main] BookingController - begin view all booking
[INFO ] 2021-08-11 23:17:46.881 [main] BookingController - Bookings Found
[INFO ] 2021-08-11 23:17:46.903 [main] BookingController - begin cancel bookoking
[INFO ] 2021-08-11 23:17:46.904 [main] BookingController - Successfully deleted booking id2000
[INFO ] 2021-08-11 23:19:13.220 [main] BookingController - Driver details by booking id
[INFO ] 2021-08-11 23:19:13.233 [main] BookingController - Found driver details with booking id:2000
[INFO ] 2021-08-11 23:19:13.506 [main] BookingController - begin view booking by id
[INFO ] 2021-08-11 23:19:13.507 [main] BookingController - Successfully found booking details by Booking Id
[INFO ] 2021-08-11 23:19:13.536 [main] BookingController - begin vehicle details by booking id
[INFO ] 2021-08-11 23:19:13.537 [main] BookingController - Found Vehicle
[INFO ] 2021-08-11 23:19:13.559 [main] BookingController - begin view booking by date
[INFO ] 2021-08-11 23:19:13.559 [main] BookingController - Entry found with given date:2021-08-08
[INFO ] 2021-08-11 23:19:13.579 [main] BookingController - begin cancel bookoking
[INFO ] 2021-08-11 23:19:13.580 [main] BookingController - successfully updated with booking id2000
[INFO ] 2021-08-11 23:19:13.597 [main] BookingController - begin add booking
[INFO ] 2021-08-11 23:19:13.617 [main] BookingController - begin view all booking
[INFO ] 2021-08-11 23:19:13.617 [main] BookingController - Bookings Found
[INFO ] 2021-08-11 23:19:13.629 [main] BookingController - begin cancel bookoking
[INFO ] 2021-08-11 23:19:13.630 [main] BookingController - Successfully deleted booking id2000
[INFO ] 2021-08-11 23:20:07.754 [main] BookingController - Driver details by booking id
[INFO ] 2021-08-11 23:20:07.771 [main] BookingController - Found driver details with booking id:2000
[INFO ] 2021-08-11 23:20:07.887 [main] BookingController - begin view booking by id
[INFO ] 2021-08-11 23:20:07.888 [main] BookingController - Successfully found booking details by Booking Id
[INFO ] 2021-08-11 23:20:07.915 [main] BookingController - begin vehicle details by booking id
[INFO ] 2021-08-11 23:20:07.917 [main] BookingController - Found Vehicle
[INFO ] 2021-08-11 23:20:07.968 [main] BookingController - begin view booking by date
[INFO ] 2021-08-11 23:20:07.969 [main] BookingController - Entry found with given date:2021-08-08
[INFO ] 2021-08-11 23:20:07.996 [main] BookingController - begin cancel bookoking
[INFO ] 2021-08-11 23:20:07.998 [main] BookingController - successfully updated with booking id2000
[INFO ] 2021-08-11 23:20:08.022 [main] BookingController - begin add booking
[INFO ] 2021-08-11 23:20:08.054 [main] BookingController - begin view all booking
[INFO ] 2021-08-11 23:20:08.055 [main] BookingController - Bookings Found
[INFO ] 2021-08-11 23:20:08.075 [main] BookingController - begin cancel bookoking
[INFO ] 2021-08-11 23:20:08.076 [main] BookingController - Successfully deleted booking id2000
[INFO ] 2021-08-11 23:21:05.064 [main] BookingController - Driver details by booking id
[INFO ] 2021-08-11 23:21:05.079 [main] BookingController - Found driver details with booking id:2000
[INFO ] 2021-08-11 23:21:05.160 [main] BookingController - begin view booking by id
[INFO ] 2021-08-11 23:21:05.161 [main] BookingController - Successfully found booking details by Booking Id
[INFO ] 2021-08-11 23:21:05.203 [main] BookingController - begin vehicle details by booking id
[INFO ] 2021-08-11 23:21:05.204 [main] BookingController - Found Vehicle
[INFO ] 2021-08-11 23:21:05.225 [main] BookingController - begin view booking by date
[INFO ] 2021-08-11 23:21:05.226 [main] BookingController - Entry found with given date:2021-08-08
[INFO ] 2021-08-11 23:21:05.251 [main] BookingController - begin cancel bookoking
[INFO ] 2021-08-11 23:21:05.252 [main] BookingController - successfully updated with booking id2000
[INFO ] 2021-08-11 23:21:05.276 [main] BookingController - begin add booking
[INFO ] 2021-08-11 23:21:05.305 [main] BookingController - begin view all booking
[INFO ] 2021-08-11 23:21:05.306 [main] BookingController - Bookings Found
[INFO ] 2021-08-11 23:21:05.323 [main] BookingController - begin cancel bookoking
[INFO ] 2021-08-11 23:21:05.324 [main] BookingController - Successfully deleted booking id2000
[INFO ] 2021-08-11 23:22:40.124 [main] BookingController - Driver details by booking id
[INFO ] 2021-08-11 23:22:40.135 [main] BookingController - Found driver details with booking id:2000
[INFO ] 2021-08-11 23:22:40.199 [main] BookingController - begin view booking by id
[INFO ] 2021-08-11 23:22:40.200 [main] BookingController - Successfully found booking details by Booking Id
[INFO ] 2021-08-11 23:22:40.216 [main] BookingController - begin vehicle details by booking id
[INFO ] 2021-08-11 23:22:40.217 [main] BookingController - Found Vehicle
[INFO ] 2021-08-11 23:22:40.233 [main] BookingController - begin view booking by date
[INFO ] 2021-08-11 23:22:40.233 [main] BookingController - Entry found with given date:2021-08-08
[INFO ] 2021-08-11 23:22:40.254 [main] BookingController - begin cancel bookoking
[INFO ] 2021-08-11 23:22:40.254 [main] BookingController - successfully updated with booking id2000
[INFO ] 2021-08-11 23:22:40.269 [main] BookingController - begin add booking
[INFO ] 2021-08-11 23:22:40.291 [main] BookingController - begin view all booking
[INFO ] 2021-08-11 23:22:40.291 [main] BookingController - Bookings Found
[INFO ] 2021-08-11 23:22:40.314 [main] BookingController - begin cancel bookoking
[INFO ] 2021-08-11 23:22:40.315 [main] BookingController - Successfully deleted booking id2000
[INFO ] 2021-08-11 23:24:16.862 [main] BookingController - Driver details by booking id
[INFO ] 2021-08-11 23:24:16.878 [main] BookingController - Found driver details with booking id:2000
[INFO ] 2021-08-11 23:24:16.978 [main] BookingController - begin view booking by id
[INFO ] 2021-08-11 23:24:16.979 [main] BookingController - Successfully found booking details by Booking Id
[INFO ] 2021-08-11 23:24:17.004 [main] BookingController - begin vehicle details by booking id
[INFO ] 2021-08-11 23:24:17.005 [main] BookingController - Found Vehicle
[INFO ] 2021-08-11 23:24:17.024 [main] BookingController - begin view booking by date
[INFO ] 2021-08-11 23:24:17.025 [main] BookingController - Entry found with given date:2021-08-08
[INFO ] 2021-08-11 23:24:17.047 [main] BookingController - begin cancel bookoking
[INFO ] 2021-08-11 23:24:17.048 [main] BookingController - successfully updated with booking id2000
[INFO ] 2021-08-11 23:24:17.068 [main] BookingController - begin add booking
[INFO ] 2021-08-11 23:24:17.096 [main] BookingController - begin view all booking
[INFO ] 2021-08-11 23:24:17.097 [main] BookingController - Bookings Found
[INFO ] 2021-08-11 23:24:17.117 [main] BookingController - begin cancel bookoking
[INFO ] 2021-08-11 23:24:17.117 [main] BookingController - Successfully deleted booking id2000
[INFO ] 2021-08-11 23:24:59.282 [main] BookingController - Driver details by booking id
[INFO ] 2021-08-11 23:24:59.296 [main] BookingController - Found driver details with booking id:2000
[INFO ] 2021-08-11 23:24:59.428 [main] BookingController - begin view booking by id
[INFO ] 2021-08-11 23:24:59.429 [main] BookingController - Successfully found booking details by Booking Id
[INFO ] 2021-08-11 23:24:59.449 [main] BookingController - begin vehicle details by booking id
[INFO ] 2021-08-11 23:24:59.450 [main] BookingController - Found Vehicle
[INFO ] 2021-08-11 23:24:59.467 [main] BookingController - begin view booking by date
[INFO ] 2021-08-11 23:24:59.468 [main] BookingController - Entry found with given date:2021-08-08
[INFO ] 2021-08-11 23:24:59.491 [main] BookingController - begin cancel bookoking
[INFO ] 2021-08-11 23:24:59.492 [main] BookingController - successfully updated with booking id2000
[INFO ] 2021-08-11 23:24:59.512 [main] BookingController - begin add booking
[INFO ] 2021-08-11 23:24:59.537 [main] BookingController - begin view all booking
[INFO ] 2021-08-11 23:24:59.537 [main] BookingController - Bookings Found
[INFO ] 2021-08-11 23:24:59.553 [main] BookingController - begin cancel bookoking
[INFO ] 2021-08-11 23:24:59.554 [main] BookingController - Successfully deleted booking id2000
[INFO ] 2021-08-12 09:29:07.262 [main] BookingController - Driver details by booking id
[INFO ] 2021-08-12 09:29:07.287 [main] BookingController - Found driver details with booking id:2000
[INFO ] 2021-08-12 09:29:07.843 [main] BookingController - begin view booking by id
[INFO ] 2021-08-12 09:29:07.848 [main] BookingController - Successfully found booking details by Booking Id
[INFO ] 2021-08-12 09:29:08.052 [main] BookingController - begin vehicle details by booking id
[INFO ] 2021-08-12 09:29:08.053 [main] BookingController - Found Vehicle
[INFO ] 2021-08-12 09:29:08.105 [main] BookingController - begin view booking by date
[INFO ] 2021-08-12 09:29:08.106 [main] BookingController - Entry found with given date:2021-08-08
[INFO ] 2021-08-12 09:29:08.168 [main] BookingController - begin cancel bookoking
[INFO ] 2021-08-12 09:29:08.169 [main] BookingController - successfully updated with booking id2000
[INFO ] 2021-08-12 09:29:08.202 [main] BookingController - begin view all booking
[INFO ] 2021-08-12 09:29:08.203 [main] BookingController - Bookings Found
[INFO ] 2021-08-12 09:29:08.238 [main] BookingController - begin cancel bookoking
[INFO ] 2021-08-12 09:29:08.243 [main] BookingController - Successfully deleted booking id2000
[ERROR] 2021-08-12 09:55:15.228 [http-nio-8086-exec-8] BookingController - error deleting booking record since booking id does not exists
[ERROR] 2021-08-12 15:09:13.803 [http-nio-8086-exec-8] BookingController - Invalid Date Input
[ERROR] 2021-08-12 15:09:21.576 [http-nio-8086-exec-9] BookingController - Invalid Date Input
[INFO ] 2021-09-01 14:29:16.215 [http-nio-8086-exec-2] PaymentController - All Payments
[ERROR] 2021-09-01 14:29:16.391 [http-nio-8086-exec-2] PaymentController - No payments to view as No payments are Added
[INFO ] 2021-09-01 14:30:46.715 [http-nio-8086-exec-3] PaymentController - All Payments
[ERROR] 2021-09-01 14:30:46.725 [http-nio-8086-exec-3] PaymentController - No payments to view as No payments are Added
[INFO ] 2021-09-02 10:51:11.248 [http-nio-8081-exec-3] CustomerController - Successful additon of customer data 
[INFO ] 2021-09-02 10:51:11.908 [http-nio-8081-exec-2] UserController - successfully entered with user id1
[INFO ] 2021-09-02 11:05:58.765 [http-nio-8081-exec-7] UserController - Users Found
[INFO ] 2021-09-02 11:06:10.266 [http-nio-8081-exec-9] UserController - Users Found
[INFO ] 2021-09-02 11:06:17.323 [http-nio-8081-exec-2] UserController - Users Found
[INFO ] 2021-09-02 11:06:21.266 [http-nio-8081-exec-1] UserController - Users Found
